This file contains any messages produced by compilers while
running configure, to aid debugging if configure makes a mistake.

It was created by memcached configure 1.4.34, which was
generated by GNU Autoconf 2.69.  Invocation command line was

  $ ./configure 

## --------- ##
## Platform. ##
## --------- ##

hostname = Titan
uname -m = x86_64
uname -r = 5.8.0-50-generic
uname -s = Linux
uname -v = #56~20.04.1-Ubuntu SMP Mon Apr 12 21:46:35 UTC 2021

/usr/bin/uname -p = x86_64
/bin/uname -X     = unknown

/bin/arch              = x86_64
/usr/bin/arch -k       = unknown
/usr/convex/getsysinfo = unknown
/usr/bin/hostinfo      = unknown
/bin/machine           = unknown
/usr/bin/oslevel       = unknown
/bin/universe          = unknown

PATH: /home/cs261/.local/bin
PATH: /usr/local/sbin
PATH: /usr/local/bin
PATH: /usr/sbin
PATH: /usr/bin
PATH: /sbin
PATH: /bin
PATH: /usr/games
PATH: /usr/local/games
PATH: /snap/bin


## ----------- ##
## Core tests. ##
## ----------- ##

configure:2334: checking build system type
configure:2348: result: x86_64-pc-linux-gnu
configure:2368: checking host system type
configure:2381: result: x86_64-pc-linux-gnu
configure:2418: checking for a BSD-compatible install
configure:2486: result: /usr/bin/install -c
configure:2497: checking whether build environment is sane
configure:2552: result: yes
configure:2701: checking for a thread-safe mkdir -p
configure:2740: result: /usr/bin/mkdir -p
configure:2747: checking for gawk
configure:2777: result: no
configure:2747: checking for mawk
configure:2763: found /usr/bin/mawk
configure:2774: result: mawk
configure:2785: checking whether make sets $(MAKE)
configure:2807: result: yes
configure:2836: checking whether make supports nested variables
configure:2853: result: yes
configure:3030: checking for gcc
configure:3046: found /usr/bin/gcc
configure:3057: result: gcc
configure:3286: checking for C compiler version
configure:3295: gcc --version >&5
gcc (Ubuntu 9.3.0-17ubuntu1~20.04) 9.3.0
Copyright (C) 2019 Free Software Foundation, Inc.
This is free software; see the source for copying conditions.  There is NO
warranty; not even for MERCHANTABILITY or FITNESS FOR A PARTICULAR PURPOSE.

configure:3306: $? = 0
configure:3295: gcc -v >&5
Using built-in specs.
COLLECT_GCC=gcc
COLLECT_LTO_WRAPPER=/usr/lib/gcc/x86_64-linux-gnu/9/lto-wrapper
OFFLOAD_TARGET_NAMES=nvptx-none:hsa
OFFLOAD_TARGET_DEFAULT=1
Target: x86_64-linux-gnu
Configured with: ../src/configure -v --with-pkgversion='Ubuntu 9.3.0-17ubuntu1~20.04' --with-bugurl=file:///usr/share/doc/gcc-9/README.Bugs --enable-languages=c,ada,c++,go,brig,d,fortran,objc,obj-c++,gm2 --prefix=/usr --with-gcc-major-version-only --program-suffix=-9 --program-prefix=x86_64-linux-gnu- --enable-shared --enable-linker-build-id --libexecdir=/usr/lib --without-included-gettext --enable-threads=posix --libdir=/usr/lib --enable-nls --enable-clocale=gnu --enable-libstdcxx-debug --enable-libstdcxx-time=yes --with-default-libstdcxx-abi=new --enable-gnu-unique-object --disable-vtable-verify --enable-plugin --enable-default-pie --with-system-zlib --with-target-system-zlib=auto --enable-objc-gc=auto --enable-multiarch --disable-werror --with-arch-32=i686 --with-abi=m64 --with-multilib-list=m32,m64,mx32 --enable-multilib --with-tune=generic --enable-offload-targets=nvptx-none=/build/gcc-9-HskZEa/gcc-9-9.3.0/debian/tmp-nvptx/usr,hsa --without-cuda-driver --enable-checking=release --build=x86_64-linux-gnu --host=x86_64-linux-gnu --target=x86_64-linux-gnu
Thread model: posix
gcc version 9.3.0 (Ubuntu 9.3.0-17ubuntu1~20.04) 
configure:3306: $? = 0
configure:3295: gcc -V >&5
gcc: error: unrecognized command line option '-V'
gcc: fatal error: no input files
compilation terminated.
configure:3306: $? = 1
configure:3295: gcc -qversion >&5
gcc: error: unrecognized command line option '-qversion'; did you mean '--version'?
gcc: fatal error: no input files
compilation terminated.
configure:3306: $? = 1
configure:3326: checking whether the C compiler works
configure:3348: gcc    conftest.c  >&5
configure:3352: $? = 0
configure:3400: result: yes
configure:3403: checking for C compiler default output file name
configure:3405: result: a.out
configure:3411: checking for suffix of executables
configure:3418: gcc -o conftest    conftest.c  >&5
configure:3422: $? = 0
configure:3444: result: 
configure:3466: checking whether we are cross compiling
configure:3474: gcc -o conftest    conftest.c  >&5
configure:3478: $? = 0
configure:3485: ./conftest
configure:3489: $? = 0
configure:3477: result: no
configure:3482: checking for suffix of object files
configure:3504: gcc -c   conftest.c >&5
configure:3508: $? = 0
configure:3529: result: o
configure:3533: checking whether we are using the GNU C compiler
configure:3552: gcc -c   conftest.c >&5
configure:3552: $? = 0
configure:3561: result: yes
configure:3570: checking whether gcc accepts -g
configure:3590: gcc -c -g  conftest.c >&5
configure:3590: $? = 0
configure:3631: result: yes
configure:3648: checking for gcc option to accept ISO C89
configure:3711: gcc  -c -g -O2  conftest.c >&5
configure:3711: $? = 0
configure:3724: result: none needed
configure:3749: checking whether gcc understands -c and -o together
configure:3771: gcc -c conftest.c -o conftest2.o
configure:3774: $? = 0
configure:3771: gcc -c conftest.c -o conftest2.o
configure:3774: $? = 0
configure:3786: result: yes
configure:3814: checking for style of include used by make
configure:3842: result: GNU
configure:3868: checking dependency style of gcc
configure:3979: result: gcc3
configure:4003: checking how to run the C preprocessor
configure:4034: gcc -E  conftest.c
configure:4034: $? = 0
configure:4048: gcc -E  conftest.c
conftest.c:11:10: fatal error: ac_nonexistent.h: No such file or directory
   11 | #include <ac_nonexistent.h>
      |          ^~~~~~~~~~~~~~~~~~
compilation terminated.
configure:4048: $? = 1
configure: failed program was:
| /* confdefs.h */
| #define PACKAGE_NAME "memcached"
| #define PACKAGE_TARNAME "memcached"
| #define PACKAGE_VERSION "1.4.34"
| #define PACKAGE_STRING "memcached 1.4.34"
| #define PACKAGE_BUGREPORT "memcached@googlegroups.com"
| #define PACKAGE_URL ""
| #define PACKAGE "memcached"
| #define VERSION "1.4.34"
| /* end confdefs.h.  */
| #include <ac_nonexistent.h>
configure:4073: result: gcc -E
configure:4093: gcc -E  conftest.c
configure:4093: $? = 0
configure:4107: gcc -E  conftest.c
conftest.c:11:10: fatal error: ac_nonexistent.h: No such file or directory
   11 | #include <ac_nonexistent.h>
      |          ^~~~~~~~~~~~~~~~~~
compilation terminated.
configure:4107: $? = 1
configure: failed program was:
| /* confdefs.h */
| #define PACKAGE_NAME "memcached"
| #define PACKAGE_TARNAME "memcached"
| #define PACKAGE_VERSION "1.4.34"
| #define PACKAGE_STRING "memcached 1.4.34"
| #define PACKAGE_BUGREPORT "memcached@googlegroups.com"
| #define PACKAGE_URL ""
| #define PACKAGE "memcached"
| #define VERSION "1.4.34"
| /* end confdefs.h.  */
| #include <ac_nonexistent.h>
configure:4136: checking for grep that handles long lines and -e
configure:4194: result: /usr/bin/grep
configure:4199: checking for egrep
configure:4261: result: /usr/bin/grep -E
configure:4268: checking for icc in use
configure:4277: result: no
configure:4297: checking for clang in use
configure:4314: gcc -c -g -O2  conftest.c >&5
conftest.c: In function 'main':
conftest.c:17:12: error: unknown type name 'not'
   17 |            not clang
      |            ^~~
configure:4314: $? = 1
configure: failed program was:
| /* confdefs.h */
| #define PACKAGE_NAME "memcached"
| #define PACKAGE_TARNAME "memcached"
| #define PACKAGE_VERSION "1.4.34"
| #define PACKAGE_STRING "memcached 1.4.34"
| #define PACKAGE_BUGREPORT "memcached@googlegroups.com"
| #define PACKAGE_URL ""
| #define PACKAGE "memcached"
| #define VERSION "1.4.34"
| /* end confdefs.h.  */
| 
| int
| main ()
| {
| 
|     #ifndef __clang__
|            not clang
|     #endif
| 
|   ;
|   return 0;
| }
configure:4320: result: no
configure:4329: checking for ANSI C header files
configure:4349: gcc -c -g -O2  conftest.c >&5
configure:4349: $? = 0
configure:4422: gcc -o conftest -g -O2   conftest.c  >&5
configure:4422: $? = 0
configure:4422: ./conftest
configure:4422: $? = 0
configure:4433: result: yes
configure:4446: checking for sys/types.h
configure:4446: gcc -c -g -O2  conftest.c >&5
configure:4446: $? = 0
configure:4446: result: yes
configure:4446: checking for sys/stat.h
configure:4446: gcc -c -g -O2  conftest.c >&5
configure:4446: $? = 0
configure:4446: result: yes
configure:4446: checking for stdlib.h
configure:4446: gcc -c -g -O2  conftest.c >&5
configure:4446: $? = 0
configure:4446: result: yes
configure:4446: checking for string.h
configure:4446: gcc -c -g -O2  conftest.c >&5
configure:4446: $? = 0
configure:4446: result: yes
configure:4446: checking for memory.h
configure:4446: gcc -c -g -O2  conftest.c >&5
configure:4446: $? = 0
configure:4446: result: yes
configure:4446: checking for strings.h
configure:4446: gcc -c -g -O2  conftest.c >&5
configure:4446: $? = 0
configure:4446: result: yes
configure:4446: checking for inttypes.h
configure:4446: gcc -c -g -O2  conftest.c >&5
configure:4446: $? = 0
configure:4446: result: yes
configure:4446: checking for stdint.h
configure:4446: gcc -c -g -O2  conftest.c >&5
configure:4446: $? = 0
configure:4446: result: yes
configure:4446: checking for unistd.h
configure:4446: gcc -c -g -O2  conftest.c >&5
configure:4446: $? = 0
configure:4446: result: yes
configure:4459: checking whether __SUNPRO_C is declared
configure:4459: gcc -c -g -O2  conftest.c >&5
conftest.c: In function 'main':
conftest.c:61:10: error: '__SUNPRO_C' undeclared (first use in this function)
   61 |   (void) __SUNPRO_C;
      |          ^~~~~~~~~~
conftest.c:61:10: note: each undeclared identifier is reported only once for each function it appears in
configure:4459: $? = 1
configure: failed program was:
| /* confdefs.h */
| #define PACKAGE_NAME "memcached"
| #define PACKAGE_TARNAME "memcached"
| #define PACKAGE_VERSION "1.4.34"
| #define PACKAGE_STRING "memcached 1.4.34"
| #define PACKAGE_BUGREPORT "memcached@googlegroups.com"
| #define PACKAGE_URL ""
| #define PACKAGE "memcached"
| #define VERSION "1.4.34"
| #define STDC_HEADERS 1
| #define HAVE_SYS_TYPES_H 1
| #define HAVE_SYS_STAT_H 1
| #define HAVE_STDLIB_H 1
| #define HAVE_STRING_H 1
| #define HAVE_MEMORY_H 1
| #define HAVE_STRINGS_H 1
| #define HAVE_INTTYPES_H 1
| #define HAVE_STDINT_H 1
| #define HAVE_UNISTD_H 1
| /* end confdefs.h.  */
| #include <stdio.h>
| #ifdef HAVE_SYS_TYPES_H
| # include <sys/types.h>
| #endif
| #ifdef HAVE_SYS_STAT_H
| # include <sys/stat.h>
| #endif
| #ifdef STDC_HEADERS
| # include <stdlib.h>
| # include <stddef.h>
| #else
| # ifdef HAVE_STDLIB_H
| #  include <stdlib.h>
| # endif
| #endif
| #ifdef HAVE_STRING_H
| # if !defined STDC_HEADERS && defined HAVE_MEMORY_H
| #  include <memory.h>
| # endif
| # include <string.h>
| #endif
| #ifdef HAVE_STRINGS_H
| # include <strings.h>
| #endif
| #ifdef HAVE_INTTYPES_H
| # include <inttypes.h>
| #endif
| #ifdef HAVE_STDINT_H
| # include <stdint.h>
| #endif
| #ifdef HAVE_UNISTD_H
| # include <unistd.h>
| #endif
| int
| main ()
| {
| #ifndef __SUNPRO_C
| #ifdef __cplusplus
|   (void) __SUNPRO_C;
| #else
|   (void) __SUNPRO_C;
| #endif
| #endif
| 
|   ;
|   return 0;
| }
configure:4459: result: no
configure:4480: checking for gcc option to accept ISO C99
configure:4629: gcc  -c -g -O2 -pthread  conftest.c >&5
configure:4629: $? = 0
configure:4642: result: none needed
configure:4683: checking sasl/sasl.h usability
configure:4683: gcc -c -g -O2 -pthread  conftest.c >&5
configure:4683: $? = 0
configure:4683: result: yes
configure:4683: checking sasl/sasl.h presence
configure:4683: gcc -E  conftest.c
configure:4683: $? = 0
configure:4683: result: yes
configure:4683: checking for sasl/sasl.h
configure:4683: result: yes
configure:4913: checking for gcov
configure:4931: found /usr/bin/gcov
configure:4944: result: /usr/bin/gcov
configure:4954: checking for main in -lgcov
configure:4973: gcc -o conftest -g -O2 -pthread -pthread   conftest.c -lgcov   >&5
configure:4973: $? = 0
configure:4982: result: yes
configure:5141: checking for library containing clock_gettime
configure:5172: gcc -o conftest -g -O2 -pthread -pthread   conftest.c  >&5
configure:5172: $? = 0
configure:5189: result: none required
configure:5199: checking for library containing socket
configure:5230: gcc -o conftest -g -O2 -pthread -pthread   conftest.c  >&5
configure:5230: $? = 0
configure:5247: result: none required
configure:5255: checking for library containing gethostbyname
configure:5286: gcc -o conftest -g -O2 -pthread -pthread   conftest.c  >&5
configure:5286: $? = 0
configure:5303: result: none required
configure:5328: checking for libevent directory
configure:5372: gcc -o conftest -g -O2 -pthread -pthread   conftest.c -levent  >&5
configure:5372: $? = 0
configure:5408: result: (system)
configure:5427: checking for library containing umem_cache_create
configure:5458: gcc -o conftest -g -O2 -pthread -pthread   conftest.c -levent  >&5
/usr/bin/ld: /tmp/ccBU7AOO.o: in function `main':
/home/cs261/NVMcache/memcached-1.4.34/conftest.c:33: undefined reference to `umem_cache_create'
collect2: error: ld returned 1 exit status
configure:5458: $? = 1
configure: failed program was:
| /* confdefs.h */
| #define PACKAGE_NAME "memcached"
| #define PACKAGE_TARNAME "memcached"
| #define PACKAGE_VERSION "1.4.34"
| #define PACKAGE_STRING "memcached 1.4.34"
| #define PACKAGE_BUGREPORT "memcached@googlegroups.com"
| #define PACKAGE_URL ""
| #define PACKAGE "memcached"
| #define VERSION "1.4.34"
| #define STDC_HEADERS 1
| #define HAVE_SYS_TYPES_H 1
| #define HAVE_SYS_STAT_H 1
| #define HAVE_STDLIB_H 1
| #define HAVE_STRING_H 1
| #define HAVE_MEMORY_H 1
| #define HAVE_STRINGS_H 1
| #define HAVE_INTTYPES_H 1
| #define HAVE_STDINT_H 1
| #define HAVE_UNISTD_H 1
| #define HAVE_SASL_SASL_H 1
| /* end confdefs.h.  */
| 
| /* Override any GCC internal prototype to avoid an error.
|    Use char because int might match the return type of a GCC
|    builtin and then its argument prototype would still apply.  */
| #ifdef __cplusplus
| extern "C"
| #endif
| char umem_cache_create ();
| int
| main ()
| {
| return umem_cache_create ();
|   ;
|   return 0;
| }
configure:5458: gcc -o conftest -g -O2 -pthread -pthread   conftest.c -lumem  -levent  >&5
/usr/bin/ld: cannot find -lumem
collect2: error: ld returned 1 exit status
configure:5458: $? = 1
configure: failed program was:
| /* confdefs.h */
| #define PACKAGE_NAME "memcached"
| #define PACKAGE_TARNAME "memcached"
| #define PACKAGE_VERSION "1.4.34"
| #define PACKAGE_STRING "memcached 1.4.34"
| #define PACKAGE_BUGREPORT "memcached@googlegroups.com"
| #define PACKAGE_URL ""
| #define PACKAGE "memcached"
| #define VERSION "1.4.34"
| #define STDC_HEADERS 1
| #define HAVE_SYS_TYPES_H 1
| #define HAVE_SYS_STAT_H 1
| #define HAVE_STDLIB_H 1
| #define HAVE_STRING_H 1
| #define HAVE_MEMORY_H 1
| #define HAVE_STRINGS_H 1
| #define HAVE_INTTYPES_H 1
| #define HAVE_STDINT_H 1
| #define HAVE_UNISTD_H 1
| #define HAVE_SASL_SASL_H 1
| /* end confdefs.h.  */
| 
| /* Override any GCC internal prototype to avoid an error.
|    Use char because int might match the return type of a GCC
|    builtin and then its argument prototype would still apply.  */
| #ifdef __cplusplus
| extern "C"
| #endif
| char umem_cache_create ();
| int
| main ()
| {
| return umem_cache_create ();
|   ;
|   return 0;
| }
configure:5475: result: no
configure:5483: checking for library containing gethugepagesizes
configure:5514: gcc -o conftest -g -O2 -pthread -pthread   conftest.c -levent  >&5
/usr/bin/ld: /tmp/cc171GKW.o: in function `main':
/home/cs261/NVMcache/memcached-1.4.34/conftest.c:33: undefined reference to `gethugepagesizes'
collect2: error: ld returned 1 exit status
configure:5514: $? = 1
configure: failed program was:
| /* confdefs.h */
| #define PACKAGE_NAME "memcached"
| #define PACKAGE_TARNAME "memcached"
| #define PACKAGE_VERSION "1.4.34"
| #define PACKAGE_STRING "memcached 1.4.34"
| #define PACKAGE_BUGREPORT "memcached@googlegroups.com"
| #define PACKAGE_URL ""
| #define PACKAGE "memcached"
| #define VERSION "1.4.34"
| #define STDC_HEADERS 1
| #define HAVE_SYS_TYPES_H 1
| #define HAVE_SYS_STAT_H 1
| #define HAVE_STDLIB_H 1
| #define HAVE_STRING_H 1
| #define HAVE_MEMORY_H 1
| #define HAVE_STRINGS_H 1
| #define HAVE_INTTYPES_H 1
| #define HAVE_STDINT_H 1
| #define HAVE_UNISTD_H 1
| #define HAVE_SASL_SASL_H 1
| /* end confdefs.h.  */
| 
| /* Override any GCC internal prototype to avoid an error.
|    Use char because int might match the return type of a GCC
|    builtin and then its argument prototype would still apply.  */
| #ifdef __cplusplus
| extern "C"
| #endif
| char gethugepagesizes ();
| int
| main ()
| {
| return gethugepagesizes ();
|   ;
|   return 0;
| }
configure:5514: gcc -o conftest -g -O2 -pthread -pthread   conftest.c -lhugetlbfs  -levent  >&5
/usr/bin/ld: cannot find -lhugetlbfs
collect2: error: ld returned 1 exit status
configure:5514: $? = 1
configure: failed program was:
| /* confdefs.h */
| #define PACKAGE_NAME "memcached"
| #define PACKAGE_TARNAME "memcached"
| #define PACKAGE_VERSION "1.4.34"
| #define PACKAGE_STRING "memcached 1.4.34"
| #define PACKAGE_BUGREPORT "memcached@googlegroups.com"
| #define PACKAGE_URL ""
| #define PACKAGE "memcached"
| #define VERSION "1.4.34"
| #define STDC_HEADERS 1
| #define HAVE_SYS_TYPES_H 1
| #define HAVE_SYS_STAT_H 1
| #define HAVE_STDLIB_H 1
| #define HAVE_STRING_H 1
| #define HAVE_MEMORY_H 1
| #define HAVE_STRINGS_H 1
| #define HAVE_INTTYPES_H 1
| #define HAVE_STDINT_H 1
| #define HAVE_UNISTD_H 1
| #define HAVE_SASL_SASL_H 1
| /* end confdefs.h.  */
| 
| /* Override any GCC internal prototype to avoid an error.
|    Use char because int might match the return type of a GCC
|    builtin and then its argument prototype would still apply.  */
| #ifdef __cplusplus
| extern "C"
| #endif
| char gethugepagesizes ();
| int
| main ()
| {
| return gethugepagesizes ();
|   ;
|   return 0;
| }
configure:5531: result: no
configure:5540: checking for stdbool.h that conforms to C99
configure:5607: gcc -c -g -O2 -pthread -pthread  conftest.c >&5
configure:5607: $? = 0
configure:5614: result: yes
configure:5616: checking for _Bool
configure:5616: gcc -c -g -O2 -pthread -pthread  conftest.c >&5
configure:5616: $? = 0
configure:5616: gcc -c -g -O2 -pthread -pthread  conftest.c >&5
conftest.c: In function 'main':
conftest.c:58:20: error: expected expression before ')' token
   58 | if (sizeof ((_Bool)))
      |                    ^
configure:5616: $? = 1
configure: failed program was:
| /* confdefs.h */
| #define PACKAGE_NAME "memcached"
| #define PACKAGE_TARNAME "memcached"
| #define PACKAGE_VERSION "1.4.34"
| #define PACKAGE_STRING "memcached 1.4.34"
| #define PACKAGE_BUGREPORT "memcached@googlegroups.com"
| #define PACKAGE_URL ""
| #define PACKAGE "memcached"
| #define VERSION "1.4.34"
| #define STDC_HEADERS 1
| #define HAVE_SYS_TYPES_H 1
| #define HAVE_SYS_STAT_H 1
| #define HAVE_STDLIB_H 1
| #define HAVE_STRING_H 1
| #define HAVE_MEMORY_H 1
| #define HAVE_STRINGS_H 1
| #define HAVE_INTTYPES_H 1
| #define HAVE_STDINT_H 1
| #define HAVE_UNISTD_H 1
| #define HAVE_SASL_SASL_H 1
| /* end confdefs.h.  */
| #include <stdio.h>
| #ifdef HAVE_SYS_TYPES_H
| # include <sys/types.h>
| #endif
| #ifdef HAVE_SYS_STAT_H
| # include <sys/stat.h>
| #endif
| #ifdef STDC_HEADERS
| # include <stdlib.h>
| # include <stddef.h>
| #else
| # ifdef HAVE_STDLIB_H
| #  include <stdlib.h>
| # endif
| #endif
| #ifdef HAVE_STRING_H
| # if !defined STDC_HEADERS && defined HAVE_MEMORY_H
| #  include <memory.h>
| # endif
| # include <string.h>
| #endif
| #ifdef HAVE_STRINGS_H
| # include <strings.h>
| #endif
| #ifdef HAVE_INTTYPES_H
| # include <inttypes.h>
| #endif
| #ifdef HAVE_STDINT_H
| # include <stdint.h>
| #endif
| #ifdef HAVE_UNISTD_H
| # include <unistd.h>
| #endif
| int
| main ()
| {
| if (sizeof ((_Bool)))
| 	    return 0;
|   ;
|   return 0;
| }
configure:5616: result: yes
configure:5637: checking for inttypes.h
configure:5637: result: yes
configure:5652: checking for sasl_callback_ft
configure:5676: gcc -c -g -O2 -pthread -pthread  conftest.c >&5
configure:5676: $? = 0
configure:5688: result: yes
configure:5700: checking for print macros for integers (C99 section 7.8.1)
configure:5724: gcc -c -g -O2 -pthread -pthread  conftest.c >&5
configure:5724: $? = 0
configure:5732: result: yes
configure:5748: checking for an ANSI C-conforming const
configure:5814: gcc -c -g -O2 -pthread -pthread  conftest.c >&5
configure:5814: $? = 0
configure:5821: result: yes
configure:5832: checking for socklen_t
configure:5854: gcc -c -g -O2 -pthread -pthread  conftest.c >&5
configure:5854: $? = 0
configure:5866: result: yes
configure:5877: checking for endianness
configure:5904: gcc -o conftest -g -O2 -pthread -pthread   conftest.c -levent  >&5
conftest.c: In function 'main':
conftest.c:32:9: warning: implicit declaration of function 'exit' [-Wimplicit-function-declaration]
   32 |         exit(*c == 1);
      |         ^~~~
conftest.c:32:9: warning: incompatible implicit declaration of built-in function 'exit'
conftest.c:1:1: note: include '<stdlib.h>' or provide a declaration of 'exit'
  +++ |+#include <stdlib.h>
    1 | /* confdefs.h */
configure:5904: $? = 0
configure:5904: ./conftest
configure:5904: $? = 1
configure: program exited with status 1
configure: failed program was:
| /* confdefs.h */
| #define PACKAGE_NAME "memcached"
| #define PACKAGE_TARNAME "memcached"
| #define PACKAGE_VERSION "1.4.34"
| #define PACKAGE_STRING "memcached 1.4.34"
| #define PACKAGE_BUGREPORT "memcached@googlegroups.com"
| #define PACKAGE_URL ""
| #define PACKAGE "memcached"
| #define VERSION "1.4.34"
| #define STDC_HEADERS 1
| #define HAVE_SYS_TYPES_H 1
| #define HAVE_SYS_STAT_H 1
| #define HAVE_STDLIB_H 1
| #define HAVE_STRING_H 1
| #define HAVE_MEMORY_H 1
| #define HAVE_STRINGS_H 1
| #define HAVE_INTTYPES_H 1
| #define HAVE_STDINT_H 1
| #define HAVE_UNISTD_H 1
| #define HAVE_SASL_SASL_H 1
| #define HAVE__BOOL 1
| #define HAVE_STDBOOL_H 1
| #define HAVE_INTTYPES_H 1
| #define HAVE_SASL_CALLBACK_FT 1
| /* end confdefs.h.  */
| 
| int
| main ()
| {
|         long val = 1;
|         char *c = (char *) &val;
|         exit(*c == 1);
| 
|   ;
|   return 0;
| }
| 
configure:5919: result: little
configure:5936: checking for htonll
configure:5958: gcc -o conftest -g -O2 -pthread -pthread   conftest.c -levent  >&5
conftest.c:31:23: warning: extra tokens at end of #include directive
   31 | #include <inttypes.h> */
      |                       ^
conftest.c: In function 'main':
conftest.c:38:18: warning: implicit declaration of function 'htonll'; did you mean 'htonl'? [-Wimplicit-function-declaration]
   38 |           return htonll(0);
      |                  ^~~~~~
      |                  htonl
/usr/bin/ld: /tmp/cc6EGTa2.o: in function `main':
/home/cs261/NVMcache/memcached-1.4.34/conftest.c:38: undefined reference to `htonll'
collect2: error: ld returned 1 exit status
configure:5958: $? = 1
configure: failed program was:
| /* confdefs.h */
| #define PACKAGE_NAME "memcached"
| #define PACKAGE_TARNAME "memcached"
| #define PACKAGE_VERSION "1.4.34"
| #define PACKAGE_STRING "memcached 1.4.34"
| #define PACKAGE_BUGREPORT "memcached@googlegroups.com"
| #define PACKAGE_URL ""
| #define PACKAGE "memcached"
| #define VERSION "1.4.34"
| #define STDC_HEADERS 1
| #define HAVE_SYS_TYPES_H 1
| #define HAVE_SYS_STAT_H 1
| #define HAVE_STDLIB_H 1
| #define HAVE_STRING_H 1
| #define HAVE_MEMORY_H 1
| #define HAVE_STRINGS_H 1
| #define HAVE_INTTYPES_H 1
| #define HAVE_STDINT_H 1
| #define HAVE_UNISTD_H 1
| #define HAVE_SASL_SASL_H 1
| #define HAVE__BOOL 1
| #define HAVE_STDBOOL_H 1
| #define HAVE_INTTYPES_H 1
| #define HAVE_SASL_CALLBACK_FT 1
| #define ENDIAN_LITTLE 1
| /* end confdefs.h.  */
| 
| #include <sys/types.h>
| #include <netinet/in.h>
| #ifdef HAVE_INTTYPES_H
| #include <inttypes.h> */
| #endif
| 
| int
| main ()
| {
| 
|           return htonll(0);
| 
|   ;
|   return 0;
| }
configure:5973: result: no
configure:5977: checking for library containing pthread_create
configure:6008: gcc -o conftest -g -O2 -pthread -pthread   conftest.c -levent  >&5
configure:6008: $? = 0
configure:6025: result: none required
configure:6039: checking for mlockall
configure:6039: gcc -o conftest -g -O2 -pthread -pthread   conftest.c -levent  >&5
configure:6039: $? = 0
configure:6039: result: yes
configure:6050: checking for getpagesizes
configure:6050: gcc -o conftest -g -O2 -pthread -pthread   conftest.c -levent  >&5
/usr/bin/ld: /tmp/ccUrSzHM.o: in function `main':
/home/cs261/NVMcache/memcached-1.4.34/conftest.c:62: undefined reference to `getpagesizes'
collect2: error: ld returned 1 exit status
configure:6050: $? = 1
configure: failed program was:
| /* confdefs.h */
| #define PACKAGE_NAME "memcached"
| #define PACKAGE_TARNAME "memcached"
| #define PACKAGE_VERSION "1.4.34"
| #define PACKAGE_STRING "memcached 1.4.34"
| #define PACKAGE_BUGREPORT "memcached@googlegroups.com"
| #define PACKAGE_URL ""
| #define PACKAGE "memcached"
| #define VERSION "1.4.34"
| #define STDC_HEADERS 1
| #define HAVE_SYS_TYPES_H 1
| #define HAVE_SYS_STAT_H 1
| #define HAVE_STDLIB_H 1
| #define HAVE_STRING_H 1
| #define HAVE_MEMORY_H 1
| #define HAVE_STRINGS_H 1
| #define HAVE_INTTYPES_H 1
| #define HAVE_STDINT_H 1
| #define HAVE_UNISTD_H 1
| #define HAVE_SASL_SASL_H 1
| #define HAVE__BOOL 1
| #define HAVE_STDBOOL_H 1
| #define HAVE_INTTYPES_H 1
| #define HAVE_SASL_CALLBACK_FT 1
| #define ENDIAN_LITTLE 1
| #define HAVE_MLOCKALL 1
| /* end confdefs.h.  */
| /* Define getpagesizes to an innocuous variant, in case <limits.h> declares getpagesizes.
|    For example, HP-UX 11i <limits.h> declares gettimeofday.  */
| #define getpagesizes innocuous_getpagesizes
| 
| /* System header to define __stub macros and hopefully few prototypes,
|     which can conflict with char getpagesizes (); below.
|     Prefer <limits.h> to <assert.h> if __STDC__ is defined, since
|     <limits.h> exists even on freestanding compilers.  */
| 
| #ifdef __STDC__
| # include <limits.h>
| #else
| # include <assert.h>
| #endif
| 
| #undef getpagesizes
| 
| /* Override any GCC internal prototype to avoid an error.
|    Use char because int might match the return type of a GCC
|    builtin and then its argument prototype would still apply.  */
| #ifdef __cplusplus
| extern "C"
| #endif
| char getpagesizes ();
| /* The GNU C library defines this for functions which it implements
|     to always fail with ENOSYS.  Some functions are actually named
|     something starting with __ and the normal name is an alias.  */
| #if defined __stub_getpagesizes || defined __stub___getpagesizes
| choke me
| #endif
| 
| int
| main ()
| {
| return getpagesizes ();
|   ;
|   return 0;
| }
configure:6050: result: no
configure:6061: checking for memcntl
configure:6061: gcc -o conftest -g -O2 -pthread -pthread   conftest.c -levent  >&5
/usr/bin/ld: /tmp/cckICoJN.o: in function `main':
/home/cs261/NVMcache/memcached-1.4.34/conftest.c:62: undefined reference to `memcntl'
collect2: error: ld returned 1 exit status
configure:6061: $? = 1
configure: failed program was:
| /* confdefs.h */
| #define PACKAGE_NAME "memcached"
| #define PACKAGE_TARNAME "memcached"
| #define PACKAGE_VERSION "1.4.34"
| #define PACKAGE_STRING "memcached 1.4.34"
| #define PACKAGE_BUGREPORT "memcached@googlegroups.com"
| #define PACKAGE_URL ""
| #define PACKAGE "memcached"
| #define VERSION "1.4.34"
| #define STDC_HEADERS 1
| #define HAVE_SYS_TYPES_H 1
| #define HAVE_SYS_STAT_H 1
| #define HAVE_STDLIB_H 1
| #define HAVE_STRING_H 1
| #define HAVE_MEMORY_H 1
| #define HAVE_STRINGS_H 1
| #define HAVE_INTTYPES_H 1
| #define HAVE_STDINT_H 1
| #define HAVE_UNISTD_H 1
| #define HAVE_SASL_SASL_H 1
| #define HAVE__BOOL 1
| #define HAVE_STDBOOL_H 1
| #define HAVE_INTTYPES_H 1
| #define HAVE_SASL_CALLBACK_FT 1
| #define ENDIAN_LITTLE 1
| #define HAVE_MLOCKALL 1
| /* end confdefs.h.  */
| /* Define memcntl to an innocuous variant, in case <limits.h> declares memcntl.
|    For example, HP-UX 11i <limits.h> declares gettimeofday.  */
| #define memcntl innocuous_memcntl
| 
| /* System header to define __stub macros and hopefully few prototypes,
|     which can conflict with char memcntl (); below.
|     Prefer <limits.h> to <assert.h> if __STDC__ is defined, since
|     <limits.h> exists even on freestanding compilers.  */
| 
| #ifdef __STDC__
| # include <limits.h>
| #else
| # include <assert.h>
| #endif
| 
| #undef memcntl
| 
| /* Override any GCC internal prototype to avoid an error.
|    Use char because int might match the return type of a GCC
|    builtin and then its argument prototype would still apply.  */
| #ifdef __cplusplus
| extern "C"
| #endif
| char memcntl ();
| /* The GNU C library defines this for functions which it implements
|     to always fail with ENOSYS.  Some functions are actually named
|     something starting with __ and the normal name is an alias.  */
| #if defined __stub_memcntl || defined __stub___memcntl
| choke me
| #endif
| 
| int
| main ()
| {
| return memcntl ();
|   ;
|   return 0;
| }
configure:6061: result: no
configure:6072: checking for sigignore
configure:6072: gcc -o conftest -g -O2 -pthread -pthread   conftest.c -levent  >&5
configure:6072: $? = 0
configure:6072: result: yes
configure:6083: checking for clock_gettime
configure:6083: gcc -o conftest -g -O2 -pthread -pthread   conftest.c -levent  >&5
configure:6083: $? = 0
configure:6083: result: yes
configure:6094: checking for accept4
configure:6094: gcc -o conftest -g -O2 -pthread -pthread   conftest.c -levent  >&5
configure:6094: $? = 0
configure:6094: result: yes
configure:6108: checking for alignment
configure:6154: gcc -o conftest -g -O2 -pthread -pthread   conftest.c -levent  >&5
configure:6154: $? = 0
configure:6154: ./conftest
configure:6154: $? = 0
configure:6169: result: none
configure:6179: checking for GCC atomics
configure:6197: gcc -o conftest -g -O2 -pthread -pthread   conftest.c -levent  >&5
configure:6197: $? = 0
configure:6205: result: yes
configure:6209: checking for GCC 64bit atomics
configure:6227: gcc -o conftest -g -O2 -pthread -pthread   conftest.c -levent  >&5
conftest.c: In function 'main':
conftest.c:38:3: error: unknown type name 'uint64_t'
   38 |   uint64_t a;
      |   ^~~~~~~~
conftest.c:39:3: error: unknown type name 'uint64_t'
   39 |   uint64_t b;
      |   ^~~~~~~~
configure:6227: $? = 1
configure: failed program was:
| /* confdefs.h */
| #define PACKAGE_NAME "memcached"
| #define PACKAGE_TARNAME "memcached"
| #define PACKAGE_VERSION "1.4.34"
| #define PACKAGE_STRING "memcached 1.4.34"
| #define PACKAGE_BUGREPORT "memcached@googlegroups.com"
| #define PACKAGE_URL ""
| #define PACKAGE "memcached"
| #define VERSION "1.4.34"
| #define STDC_HEADERS 1
| #define HAVE_SYS_TYPES_H 1
| #define HAVE_SYS_STAT_H 1
| #define HAVE_STDLIB_H 1
| #define HAVE_STRING_H 1
| #define HAVE_MEMORY_H 1
| #define HAVE_STRINGS_H 1
| #define HAVE_INTTYPES_H 1
| #define HAVE_STDINT_H 1
| #define HAVE_UNISTD_H 1
| #define HAVE_SASL_SASL_H 1
| #define HAVE__BOOL 1
| #define HAVE_STDBOOL_H 1
| #define HAVE_INTTYPES_H 1
| #define HAVE_SASL_CALLBACK_FT 1
| #define ENDIAN_LITTLE 1
| #define HAVE_MLOCKALL 1
| #define HAVE_SIGIGNORE 1
| #define HAVE_CLOCK_GETTIME 1
| #define HAVE_ACCEPT4 1
| #define HAVE_ACCEPT4 1
| #define HAVE_GCC_ATOMICS 1
| /* end confdefs.h.  */
| 
| int
| main ()
| {
| 
|   uint64_t a;
|   uint64_t b;
|   b = __sync_add_and_fetch(&a, 1);
|   b = __sync_sub_and_fetch(&a, 2);
| 
|   ;
|   return 0;
| }
configure:6235: result: no
configure:6240: checking for setppriv
configure:6240: gcc -o conftest -g -O2 -pthread -pthread   conftest.c -levent  >&5
/usr/bin/ld: /tmp/ccTzajqO.o: in function `main':
/home/cs261/NVMcache/memcached-1.4.34/conftest.c:67: undefined reference to `setppriv'
collect2: error: ld returned 1 exit status
configure:6240: $? = 1
configure: failed program was:
| /* confdefs.h */
| #define PACKAGE_NAME "memcached"
| #define PACKAGE_TARNAME "memcached"
| #define PACKAGE_VERSION "1.4.34"
| #define PACKAGE_STRING "memcached 1.4.34"
| #define PACKAGE_BUGREPORT "memcached@googlegroups.com"
| #define PACKAGE_URL ""
| #define PACKAGE "memcached"
| #define VERSION "1.4.34"
| #define STDC_HEADERS 1
| #define HAVE_SYS_TYPES_H 1
| #define HAVE_SYS_STAT_H 1
| #define HAVE_STDLIB_H 1
| #define HAVE_STRING_H 1
| #define HAVE_MEMORY_H 1
| #define HAVE_STRINGS_H 1
| #define HAVE_INTTYPES_H 1
| #define HAVE_STDINT_H 1
| #define HAVE_UNISTD_H 1
| #define HAVE_SASL_SASL_H 1
| #define HAVE__BOOL 1
| #define HAVE_STDBOOL_H 1
| #define HAVE_INTTYPES_H 1
| #define HAVE_SASL_CALLBACK_FT 1
| #define ENDIAN_LITTLE 1
| #define HAVE_MLOCKALL 1
| #define HAVE_SIGIGNORE 1
| #define HAVE_CLOCK_GETTIME 1
| #define HAVE_ACCEPT4 1
| #define HAVE_ACCEPT4 1
| #define HAVE_GCC_ATOMICS 1
| /* end confdefs.h.  */
| /* Define setppriv to an innocuous variant, in case <limits.h> declares setppriv.
|    For example, HP-UX 11i <limits.h> declares gettimeofday.  */
| #define setppriv innocuous_setppriv
| 
| /* System header to define __stub macros and hopefully few prototypes,
|     which can conflict with char setppriv (); below.
|     Prefer <limits.h> to <assert.h> if __STDC__ is defined, since
|     <limits.h> exists even on freestanding compilers.  */
| 
| #ifdef __STDC__
| # include <limits.h>
| #else
| # include <assert.h>
| #endif
| 
| #undef setppriv
| 
| /* Override any GCC internal prototype to avoid an error.
|    Use char because int might match the return type of a GCC
|    builtin and then its argument prototype would still apply.  */
| #ifdef __cplusplus
| extern "C"
| #endif
| char setppriv ();
| /* The GNU C library defines this for functions which it implements
|     to always fail with ENOSYS.  Some functions are actually named
|     something starting with __ and the normal name is an alias.  */
| #if defined __stub_setppriv || defined __stub___setppriv
| choke me
| #endif
| 
| int
| main ()
| {
| return setppriv ();
|   ;
|   return 0;
| }
configure:6240: result: no
configure:6271: checking umem.h usability
configure:6271: gcc -c -g -O2 -pthread -pthread  conftest.c >&5
conftest.c:66:10: fatal error: umem.h: No such file or directory
   66 | #include <umem.h>
      |          ^~~~~~~~
compilation terminated.
configure:6271: $? = 1
configure: failed program was:
| /* confdefs.h */
| #define PACKAGE_NAME "memcached"
| #define PACKAGE_TARNAME "memcached"
| #define PACKAGE_VERSION "1.4.34"
| #define PACKAGE_STRING "memcached 1.4.34"
| #define PACKAGE_BUGREPORT "memcached@googlegroups.com"
| #define PACKAGE_URL ""
| #define PACKAGE "memcached"
| #define VERSION "1.4.34"
| #define STDC_HEADERS 1
| #define HAVE_SYS_TYPES_H 1
| #define HAVE_SYS_STAT_H 1
| #define HAVE_STDLIB_H 1
| #define HAVE_STRING_H 1
| #define HAVE_MEMORY_H 1
| #define HAVE_STRINGS_H 1
| #define HAVE_INTTYPES_H 1
| #define HAVE_STDINT_H 1
| #define HAVE_UNISTD_H 1
| #define HAVE_SASL_SASL_H 1
| #define HAVE__BOOL 1
| #define HAVE_STDBOOL_H 1
| #define HAVE_INTTYPES_H 1
| #define HAVE_SASL_CALLBACK_FT 1
| #define ENDIAN_LITTLE 1
| #define HAVE_MLOCKALL 1
| #define HAVE_SIGIGNORE 1
| #define HAVE_CLOCK_GETTIME 1
| #define HAVE_ACCEPT4 1
| #define HAVE_ACCEPT4 1
| #define HAVE_GCC_ATOMICS 1
| /* end confdefs.h.  */
| #include <stdio.h>
| #ifdef HAVE_SYS_TYPES_H
| # include <sys/types.h>
| #endif
| #ifdef HAVE_SYS_STAT_H
| # include <sys/stat.h>
| #endif
| #ifdef STDC_HEADERS
| # include <stdlib.h>
| # include <stddef.h>
| #else
| # ifdef HAVE_STDLIB_H
| #  include <stdlib.h>
| # endif
| #endif
| #ifdef HAVE_STRING_H
| # if !defined STDC_HEADERS && defined HAVE_MEMORY_H
| #  include <memory.h>
| # endif
| # include <string.h>
| #endif
| #ifdef HAVE_STRINGS_H
| # include <strings.h>
| #endif
| #ifdef HAVE_INTTYPES_H
| # include <inttypes.h>
| #endif
| #ifdef HAVE_STDINT_H
| # include <stdint.h>
| #endif
| #ifdef HAVE_UNISTD_H
| # include <unistd.h>
| #endif
| #include <umem.h>
configure:6271: result: no
configure:6271: checking umem.h presence
configure:6271: gcc -E  conftest.c
conftest.c:33:10: fatal error: umem.h: No such file or directory
   33 | #include <umem.h>
      |          ^~~~~~~~
compilation terminated.
configure:6271: $? = 1
configure: failed program was:
| /* confdefs.h */
| #define PACKAGE_NAME "memcached"
| #define PACKAGE_TARNAME "memcached"
| #define PACKAGE_VERSION "1.4.34"
| #define PACKAGE_STRING "memcached 1.4.34"
| #define PACKAGE_BUGREPORT "memcached@googlegroups.com"
| #define PACKAGE_URL ""
| #define PACKAGE "memcached"
| #define VERSION "1.4.34"
| #define STDC_HEADERS 1
| #define HAVE_SYS_TYPES_H 1
| #define HAVE_SYS_STAT_H 1
| #define HAVE_STDLIB_H 1
| #define HAVE_STRING_H 1
| #define HAVE_MEMORY_H 1
| #define HAVE_STRINGS_H 1
| #define HAVE_INTTYPES_H 1
| #define HAVE_STDINT_H 1
| #define HAVE_UNISTD_H 1
| #define HAVE_SASL_SASL_H 1
| #define HAVE__BOOL 1
| #define HAVE_STDBOOL_H 1
| #define HAVE_INTTYPES_H 1
| #define HAVE_SASL_CALLBACK_FT 1
| #define ENDIAN_LITTLE 1
| #define HAVE_MLOCKALL 1
| #define HAVE_SIGIGNORE 1
| #define HAVE_CLOCK_GETTIME 1
| #define HAVE_ACCEPT4 1
| #define HAVE_ACCEPT4 1
| #define HAVE_GCC_ATOMICS 1
| /* end confdefs.h.  */
| #include <umem.h>
configure:6271: result: no
configure:6271: checking for umem.h
configure:6271: result: no
configure:6302: checking for xml2rfc
configure:6333: result: no
configure:6343: checking for xsltproc
configure:6374: result: no
configure:6518: checking that generated files are newer than configure
configure:6524: result: done
configure:6571: creating ./config.status

## ---------------------- ##
## Running config.status. ##
## ---------------------- ##

This file was extended by memcached config.status 1.4.34, which was
generated by GNU Autoconf 2.69.  Invocation command line was

  CONFIG_FILES    = 
  CONFIG_HEADERS  = 
  CONFIG_LINKS    = 
  CONFIG_COMMANDS = 
  $ ./config.status 

on Titan

config.status:891: creating Makefile
config.status:891: creating doc/Makefile
config.status:891: creating config.h
config.status:1120: executing depfiles commands

## ---------------- ##
## Cache variables. ##
## ---------------- ##

ac_cv_build=x86_64-pc-linux-gnu
ac_cv_c_alignment=none
ac_cv_c_compiler_gnu=yes
ac_cv_c_const=yes
ac_cv_c_endian=little
ac_cv_c_socklen_t=yes
ac_cv_c_uint64_support=yes
ac_cv_env_CC_set=
ac_cv_env_CC_value=
ac_cv_env_CFLAGS_set=
ac_cv_env_CFLAGS_value=
ac_cv_env_CPPFLAGS_set=
ac_cv_env_CPPFLAGS_value=
ac_cv_env_CPP_set=
ac_cv_env_CPP_value=
ac_cv_env_LDFLAGS_set=
ac_cv_env_LDFLAGS_value=
ac_cv_env_LIBS_set=
ac_cv_env_LIBS_value=
ac_cv_env_build_alias_set=
ac_cv_env_build_alias_value=
ac_cv_env_host_alias_set=
ac_cv_env_host_alias_value=
ac_cv_env_target_alias_set=
ac_cv_env_target_alias_value=
ac_cv_func_accept4=yes
ac_cv_func_clock_gettime=yes
ac_cv_func_getpagesizes=no
ac_cv_func_memcntl=no
ac_cv_func_mlockall=yes
ac_cv_func_setppriv=no
ac_cv_func_sigignore=yes
ac_cv_has_sasl_callback_ft=yes
ac_cv_have_decl___SUNPRO_C=no
ac_cv_header_inttypes_h=yes
ac_cv_header_memory_h=yes
ac_cv_header_sasl_sasl_h=yes
ac_cv_header_stdbool_h=yes
ac_cv_header_stdc=yes
ac_cv_header_stdint_h=yes
ac_cv_header_stdlib_h=yes
ac_cv_header_string_h=yes
ac_cv_header_strings_h=yes
ac_cv_header_sys_stat_h=yes
ac_cv_header_sys_types_h=yes
ac_cv_header_umem_h=no
ac_cv_header_unistd_h=yes
ac_cv_host=x86_64-pc-linux-gnu
ac_cv_lib_gcov_main=yes
ac_cv_libevent_dir='(system)'
ac_cv_objext=o
ac_cv_path_EGREP='/usr/bin/grep -E'
ac_cv_path_GREP=/usr/bin/grep
ac_cv_path_PROFILER=/usr/bin/gcov
ac_cv_path_XML2RFC=no
ac_cv_path_XSLTPROC=no
ac_cv_path_install='/usr/bin/install -c'
ac_cv_path_mkdir=/usr/bin/mkdir
ac_cv_prog_AWK=mawk
ac_cv_prog_CPP='gcc -E'
ac_cv_prog_ac_ct_CC=gcc
ac_cv_prog_cc_c89=
ac_cv_prog_cc_c99=
ac_cv_prog_cc_g=yes
ac_cv_prog_make_make_set=yes
ac_cv_search_clock_gettime='none required'
ac_cv_search_gethostbyname='none required'
ac_cv_search_gethugepagesizes=no
ac_cv_search_pthread_create='none required'
ac_cv_search_socket='none required'
ac_cv_search_umem_cache_create=no
ac_cv_type__Bool=yes
am_cv_CC_dependencies_compiler_type=gcc3
am_cv_make_support_nested_variables=yes
am_cv_prog_cc_c_o=yes

## ----------------- ##
## Output variables. ##
## ----------------- ##

ACLOCAL='${SHELL} /home/cs261/NVMcache/memcached-1.4.34/missing aclocal-1.15'
AMDEPBACKSLASH='\'
AMDEP_FALSE='#'
AMDEP_TRUE=''
AMTAR='$${TAR-tar}'
AM_BACKSLASH='\'
AM_DEFAULT_V='$(AM_DEFAULT_VERBOSITY)'
AM_DEFAULT_VERBOSITY='1'
AM_V='$(V)'
AUTOCONF='${SHELL} /home/cs261/NVMcache/memcached-1.4.34/missing autoconf'
AUTOHEADER='${SHELL} /home/cs261/NVMcache/memcached-1.4.34/missing autoheader'
AUTOMAKE='${SHELL} /home/cs261/NVMcache/memcached-1.4.34/missing automake-1.15'
AWK='mawk'
BUILD_CACHE_FALSE='#'
BUILD_CACHE_TRUE=''
BUILD_DTRACE_FALSE=''
BUILD_DTRACE_TRUE='#'
BUILD_SOLARIS_PRIVS_FALSE=''
BUILD_SOLARIS_PRIVS_TRUE='#'
BUILD_SPECIFICATIONS_FALSE=''
BUILD_SPECIFICATIONS_TRUE='#'
CC='gcc'
CCDEPMODE='depmode=gcc3'
CFLAGS='-g -O2 -pthread -pthread -Wall -Werror -pedantic -Wmissing-prototypes -Wmissing-declarations -Wredundant-decls'
CPP='gcc -E'
CPPFLAGS=''
CYGPATH_W='echo'
DEFS='-DHAVE_CONFIG_H'
DEPDIR='.deps'
DTRACE=''
DTRACEFLAGS=''
DTRACE_INSTRUMENT_OBJ_FALSE=''
DTRACE_INSTRUMENT_OBJ_TRUE='#'
ECHO_C=''
ECHO_N='-n'
ECHO_T=''
EGREP='/usr/bin/grep -E'
ENABLE_SASL=''
ENABLE_SASL_FALSE=''
ENABLE_SASL_TRUE='#'
EXEEXT=''
GREP='/usr/bin/grep'
INSTALL_DATA='${INSTALL} -m 644'
INSTALL_PROGRAM='${INSTALL}'
INSTALL_SCRIPT='${INSTALL}'
INSTALL_STRIP_PROGRAM='$(install_sh) -c -s'
LDFLAGS=''
LIBOBJS=''
LIBS='-levent '
LTLIBOBJS=''
MAKEINFO='${SHELL} /home/cs261/NVMcache/memcached-1.4.34/missing makeinfo'
MKDIR_P='/usr/bin/mkdir -p'
OBJEXT='o'
PACKAGE='memcached'
PACKAGE_BUGREPORT='memcached@googlegroups.com'
PACKAGE_NAME='memcached'
PACKAGE_STRING='memcached 1.4.34'
PACKAGE_TARNAME='memcached'
PACKAGE_URL=''
PACKAGE_VERSION='1.4.34'
PATH_SEPARATOR=':'
PROFILER='/usr/bin/gcov'
PROFILER_FLAGS='-fprofile-arcs -ftest-coverage'
PROFILER_LDFLAGS='-lgcov'
SET_MAKE=''
SHELL='/bin/bash'
STRIP=''
VERSION='1.4.34'
XML2RFC='no'
XSLTPROC='no'
ac_ct_CC='gcc'
am__EXEEXT_FALSE=''
am__EXEEXT_TRUE='#'
am__fastdepCC_FALSE='#'
am__fastdepCC_TRUE=''
am__include='include'
am__isrc=''
am__leading_dot='.'
am__nodep='_no'
am__quote=''
am__tar='$${TAR-tar} chof - "$$tardir"'
am__untar='$${TAR-tar} xf -'
bindir='${exec_prefix}/bin'
build='x86_64-pc-linux-gnu'
build_alias=''
build_cpu='x86_64'
build_os='linux-gnu'
build_vendor='pc'
datadir='${datarootdir}'
datarootdir='${prefix}/share'
docdir='${datarootdir}/doc/${PACKAGE_TARNAME}'
dvidir='${docdir}'
exec_prefix='${prefix}'
host='x86_64-pc-linux-gnu'
host_alias=''
host_cpu='x86_64'
host_os='linux-gnu'
host_vendor='pc'
htmldir='${docdir}'
includedir='${prefix}/include'
infodir='${datarootdir}/info'
install_sh='${SHELL} /home/cs261/NVMcache/memcached-1.4.34/install-sh'
libdir='${exec_prefix}/lib'
libexecdir='${exec_prefix}/libexec'
localedir='${datarootdir}/locale'
localstatedir='${prefix}/var'
mandir='${datarootdir}/man'
mkdir_p='$(MKDIR_P)'
oldincludedir='/usr/include'
pdfdir='${docdir}'
prefix='/usr/local'
program_transform_name='s,x,x,'
psdir='${docdir}'
runstatedir='${localstatedir}/run'
sbindir='${exec_prefix}/sbin'
sharedstatedir='${prefix}/com'
sysconfdir='${prefix}/etc'
target_alias=''

## ----------- ##
## confdefs.h. ##
## ----------- ##

/* confdefs.h */
#define PACKAGE_NAME "memcached"
#define PACKAGE_TARNAME "memcached"
#define PACKAGE_VERSION "1.4.34"
#define PACKAGE_STRING "memcached 1.4.34"
#define PACKAGE_BUGREPORT "memcached@googlegroups.com"
#define PACKAGE_URL ""
#define PACKAGE "memcached"
#define VERSION "1.4.34"
#define STDC_HEADERS 1
#define HAVE_SYS_TYPES_H 1
#define HAVE_SYS_STAT_H 1
#define HAVE_STDLIB_H 1
#define HAVE_STRING_H 1
#define HAVE_MEMORY_H 1
#define HAVE_STRINGS_H 1
#define HAVE_INTTYPES_H 1
#define HAVE_STDINT_H 1
#define HAVE_UNISTD_H 1
#define HAVE_SASL_SASL_H 1
#define HAVE__BOOL 1
#define HAVE_STDBOOL_H 1
#define HAVE_INTTYPES_H 1
#define HAVE_SASL_CALLBACK_FT 1
#define ENDIAN_LITTLE 1
#define HAVE_MLOCKALL 1
#define HAVE_SIGIGNORE 1
#define HAVE_CLOCK_GETTIME 1
#define HAVE_ACCEPT4 1
#define HAVE_ACCEPT4 1
#define HAVE_GCC_ATOMICS 1
#define _GNU_SOURCE 1

configure: exit 0
